# JRE version: Java(TM) SE Runtime Environment (17.0.12+8) (build 17.0.12+8-LTS-286)
# Java VM: Java HotSpot(TM) 64-Bit Server VM (17.0.12+8-LTS-286, mixed mode, sharing, tiered, compressed oops, compressed class ptrs, g1 gc, windows-amd64)
GC Precious Log:
 CPUs: 12 total, 12 available
 Memory: 15709M
 Large Page Support: Disabled
 NUMA Support: Disabled
 Compressed Oops: Enabled (Zero based)
 Heap Region Size: 2M
 Heap Min Capacity: 512M
 Heap Initial Capacity: 512M
 Heap Max Capacity: 3G
 Pre-touch: Disabled
 Parallel Workers: 10
 Concurrent Workers: 3
 Concurrent Refinement Workers: 10
 Periodic GC: Disabled
Heap:
 garbage-first heap   total 679936K, used 420271K [0x0000000740000000, 0x0000000800000000)
  region size 2048K, 7 young (14336K), 7 survivors (14336K)
 Metaspace       used 145995K, committed 147648K, reserved 770048K
  class space    used 19928K, committed 20736K, reserved 638976K
GC Heap History (20 events):
Event: 56.456 GC heap after
{Heap after GC invocations=25 (full 0):
 garbage-first heap   total 524288K, used 241282K [0x0000000740000000, 0x0000000800000000)
  region size 2048K, 2 young (4096K), 2 survivors (4096K)
 Metaspace       used 133162K, committed 134784K, reserved 770048K
  class space    used 17968K, committed 18752K, reserved 638976K
}
Event: 62.575 GC heap before
{Heap before GC invocations=25 (full 0):
 garbage-first heap   total 524288K, used 378498K [0x0000000740000000, 0x0000000800000000)
  region size 2048K, 71 young (145408K), 2 survivors (4096K)
 Metaspace       used 133731K, committed 135360K, reserved 770048K
  class space    used 18026K, committed 18816K, reserved 638976K
}
Event: 62.583 GC heap after
{Heap after GC invocations=26 (full 0):
 garbage-first heap   total 524288K, used 245402K [0x0000000740000000, 0x0000000800000000)
  region size 2048K, 4 young (8192K), 4 survivors (8192K)
 Metaspace       used 133731K, committed 135360K, reserved 770048K
  class space    used 18026K, committed 18816K, reserved 638976K
}
Event: 66.515 GC heap before
{Heap before GC invocations=27 (full 0):
 garbage-first heap   total 524288K, used 474778K [0x0000000740000000, 0x0000000800000000)
  region size 2048K, 90 young (184320K), 4 survivors (8192K)
 Metaspace       used 140063K, committed 141760K, reserved 770048K
  class space    used 19133K, committed 19968K, reserved 638976K
}
Event: 66.565 GC heap after
{Heap after GC invocations=28 (full 0):
 garbage-first heap   total 540672K, used 335872K [0x0000000740000000, 0x0000000800000000)
  region size 2048K, 12 young (24576K), 12 survivors (24576K)
 Metaspace       used 140063K, committed 141760K, reserved 770048K
  class space    used 19133K, committed 19968K, reserved 638976K
}
Event: 66.583 GC heap before
{Heap before GC invocations=28 (full 0):
 garbage-first heap   total 540672K, used 337920K [0x0000000740000000, 0x0000000800000000)
  region size 2048K, 13 young (26624K), 12 survivors (24576K)
 Metaspace       used 140066K, committed 141760K, reserved 770048K
  class space    used 19133K, committed 19968K, reserved 638976K
}
Event: 66.607 GC heap after
{Heap after GC invocations=29 (full 0):
 garbage-first heap   total 540672K, used 334485K [0x0000000740000000, 0x0000000800000000)
  region size 2048K, 2 young (4096K), 2 survivors (4096K)
 Metaspace       used 140066K, committed 141760K, reserved 770048K
  class space    used 19133K, committed 19968K, reserved 638976K
}
Event: 67.191 GC heap before
{Heap before GC invocations=29 (full 0):
 garbage-first heap   total 540672K, used 430741K [0x0000000740000000, 0x0000000800000000)
  region size 2048K, 49 young (100352K), 2 survivors (4096K)
 Metaspace       used 140169K, committed 141824K, reserved 770048K
  class space    used 19139K, committed 19968K, reserved 638976K
}
Event: 67.222 GC heap after
{Heap after GC invocations=30 (full 0):
 garbage-first heap   total 540672K, used 380606K [0x0000000740000000, 0x0000000800000000)
  region size 2048K, 7 young (14336K), 7 survivors (14336K)
 Metaspace       used 140169K, committed 141824K, reserved 770048K
  class space    used 19139K, committed 19968K, reserved 638976K
}
Event: 69.682 GC heap before
{Heap before GC invocations=31 (full 0):
 garbage-first heap   total 679936K, used 433854K [0x0000000740000000, 0x0000000800000000)
  region size 2048K, 34 young (69632K), 7 survivors (14336K)
 Metaspace       used 142970K, committed 144640K, reserved 770048K
  class space    used 19514K, committed 20352K, reserved 638976K
}
Event: 69.702 GC heap after
{Heap after GC invocations=32 (full 0):
 garbage-first heap   total 679936K, used 398554K [0x0000000740000000, 0x0000000800000000)
  region size 2048K, 5 young (10240K), 5 survivors (10240K)
 Metaspace       used 142970K, committed 144640K, reserved 770048K
  class space    used 19514K, committed 20352K, reserved 638976K
}
Event: 70.019 GC heap before
{Heap before GC invocations=32 (full 0):
 garbage-first heap   total 679936K, used 421082K [0x0000000740000000, 0x0000000800000000)
  region size 2048K, 16 young (32768K), 5 survivors (10240K)
 Metaspace       used 143395K, committed 145024K, reserved 770048K
  class space    used 19591K, committed 20416K, reserved 638976K
}
Event: 70.033 GC heap after
{Heap after GC invocations=33 (full 0):
 garbage-first heap   total 679936K, used 396465K [0x0000000740000000, 0x0000000800000000)
  region size 2048K, 2 young (4096K), 2 survivors (4096K)
 Metaspace       used 143395K, committed 145024K, reserved 770048K
  class space    used 19591K, committed 20416K, reserved 638976K
}
Event: 72.220 GC heap before
{Heap before GC invocations=33 (full 0):
 garbage-first heap   total 679936K, used 507057K [0x0000000740000000, 0x0000000800000000)
  region size 2048K, 56 young (114688K), 2 survivors (4096K)
 Metaspace       used 145296K, committed 146944K, reserved 770048K
  class space    used 19855K, committed 20672K, reserved 638976K
}
Event: 72.234 GC heap after
{Heap after GC invocations=34 (full 0):
 garbage-first heap   total 679936K, used 405720K [0x0000000740000000, 0x0000000800000000)
  region size 2048K, 6 young (12288K), 6 survivors (12288K)
 Metaspace       used 145296K, committed 146944K, reserved 770048K
  class space    used 19855K, committed 20672K, reserved 638976K
}
Event: 75.082 GC heap before
{Heap before GC invocations=35 (full 0):
 garbage-first heap   total 679936K, used 511766K [0x0000000740000000, 0x0000000800000000)
  region size 2048K, 62 young (126976K), 6 survivors (12288K)
 Metaspace       used 145616K, committed 147328K, reserved 770048K
  class space    used 19898K, committed 20736K, reserved 638976K
}
Event: 75.101 GC heap after
{Heap after GC invocations=36 (full 0):
 garbage-first heap   total 679936K, used 409331K [0x0000000740000000, 0x0000000800000000)
  region size 2048K, 7 young (14336K), 7 survivors (14336K)
 Metaspace       used 145616K, committed 147328K, reserved 770048K
  class space    used 19898K, committed 20736K, reserved 638976K
}
Event: 75.346 GC heap before
{Heap before GC invocations=36 (full 0):
 garbage-first heap   total 679936K, used 425715K [0x0000000740000000, 0x0000000800000000)
  region size 2048K, 16 young (32768K), 7 survivors (14336K)
 Metaspace       used 145724K, committed 147392K, reserved 770048K
  class space    used 19903K, committed 20736K, reserved 638976K
}
Event: 75.363 GC heap after
{Heap after GC invocations=37 (full 0):
 garbage-first heap   total 679936K, used 400460K [0x0000000740000000, 0x0000000800000000)
  region size 2048K, 1 young (2048K), 1 survivors (2048K)
 Metaspace       used 145724K, committed 147392K, reserved 770048K
  class space    used 19903K, committed 20736K, reserved 638976K
}
Event: 76.727 GC heap before
{Heap before GC invocations=37 (full 0):
 garbage-first heap   total 679936K, used 533580K [0x0000000740000000, 0x0000000800000000)
  region size 2048K, 63 young (129024K), 1 survivors (2048K)
 Metaspace       used 145995K, committed 147648K, reserved 770048K
  class space    used 19928K, committed 20736K, reserved 638976K
}

